Arguments: 
  /usr/local/Cellar/node/11.10.0/bin/node /usr/local/Cellar/yarn/1.13.0/libexec/bin/yarn.js init

PATH: 
  /usr/local/sbin:/usr/local/bin:/usr/bin:/bin:/usr/sbin:/sbin

Yarn version: 
  1.13.0

Node version: 
  11.10.0

Platform: 
  darwin x64

Trace: 
  Error: canceled
      at Interface.<anonymous> (/usr/local/Cellar/yarn/1.13.0/libexec/lib/cli.js:125657:13)
      at Interface.emit (events.js:197:13)
      at Interface._ttyWrite (readline.js:799:16)
      at ReadStream.onkeypress (readline.js:184:10)
      at ReadStream.emit (events.js:197:13)
      at emitKeys (internal/readline.js:424:14)
      at emitKeys.next (<anonymous>)
      at ReadStream.onData (readline.js:1071:36)
      at ReadStream.emit (events.js:197:13)
      at addChunk (_stream_readable.js:288:12)

npm manifest: 
  {
    "name": "weather-app",
    "version": "1.0.0",
    "main": "index.html",
    "author": "Roman Halenko <owlbro.popping@gmail.com>",
    "license": "MIT",
    "private": false,
    "scripts": {
      "start": "parcel ./src/index.html",
      "prebuild-dev": "shx rm -rf dist/",
      "build-dev": "parcel build ./src/index.html --no-minify --public-url ./",
      "prebuild": "shx rm -rf dist/",
      "build": "parcel build ./src/index.html --public-url ./",
      "publish": "push-dir --dir=dist --branch=gh-pages"
    },
    "devDependencies": {
      "shx": "^0.3.2"
    }
  }

yarn manifest: 
  No manifest

Lockfile: 
  No lockfile
